2014-07-26 19:35:46,902  WARN [main] - org.scala-ide.sdt.core - org.scala-ide.sdt.core - org.scala-ide.sdt.core - 0 - Project funsets has platform default sourceLevel.
2014-07-26 19:35:46,903  WARN [main] - org.scala-ide.sdt.core - org.scala-ide.sdt.core - org.scala-ide.sdt.core - 0 - Project funsets runs on platform default installation.
2014-07-26 19:35:46,917  WARN [main] - org.scala-ide.sdt.core - org.scala-ide.sdt.core - org.scala-ide.sdt.core - 0 - Project funsets has platform default sourceLevel.
2014-07-26 19:35:46,917  WARN [main] - org.scala-ide.sdt.core - org.scala-ide.sdt.core - org.scala-ide.sdt.core - 0 - Project funsets runs on platform default installation.
2014-07-26 19:36:45,624  WARN [main] - org.scala-ide.sdt.core - org.scala-ide.sdt.core - org.scala-ide.sdt.core - 0 - Project recfun has platform default sourceLevel.
2014-07-26 19:36:45,625  WARN [main] - org.scala-ide.sdt.core - org.scala-ide.sdt.core - org.scala-ide.sdt.core - 0 - Project recfun runs on platform default installation.
2014-07-26 19:36:45,625  WARN [main] - org.scala-ide.sdt.core - org.scala-ide.sdt.core - org.scala-ide.sdt.core - 0 - Project recfun has platform default sourceLevel.
2014-07-26 19:36:45,625  WARN [main] - org.scala-ide.sdt.core - org.scala-ide.sdt.core - org.scala-ide.sdt.core - 0 - Project recfun runs on platform default installation.
2014-07-26 19:36:45,864  WARN [main] - org.scala-ide.sdt.core - org.scala-ide.sdt.core - org.scala-ide.sdt.core - 0 - Turning on project-specific settings for recfun because of requested Scala Installation change
2014-07-26 19:37:35,790  WARN [main] - org.scala-ide.sdt.core - org.scala-ide.sdt.core - org.scala-ide.sdt.core - 0 - Project scala2.0 has platform default sourceLevel.
2014-07-26 19:37:35,790  WARN [main] - org.scala-ide.sdt.core - org.scala-ide.sdt.core - org.scala-ide.sdt.core - 0 - Project scala2.0 runs on platform default installation.
2014-07-26 19:37:35,791  WARN [main] - org.scala-ide.sdt.core - org.scala-ide.sdt.core - org.scala-ide.sdt.core - 0 - Project scala2.0 has platform default sourceLevel.
2014-07-26 19:37:35,791  WARN [main] - org.scala-ide.sdt.core - org.scala-ide.sdt.core - org.scala-ide.sdt.core - 0 - Project scala2.0 runs on platform default installation.
2014-07-26 19:37:36,179  WARN [main] - org.scala-ide.sdt.core - org.scala-ide.sdt.core - org.scala-ide.sdt.core - 0 - Project scala2.0 has platform default sourceLevel.
2014-07-26 19:37:36,180  WARN [main] - org.scala-ide.sdt.core - org.scala-ide.sdt.core - org.scala-ide.sdt.core - 0 - Project scala2.0 runs on platform default installation.
2014-07-26 19:37:36,180  WARN [main] - org.scala-ide.sdt.core - org.scala-ide.sdt.core - org.scala-ide.sdt.core - 0 - Project scala2.0 has platform default sourceLevel.
2014-07-26 19:37:36,180  WARN [main] - org.scala-ide.sdt.core - org.scala-ide.sdt.core - org.scala-ide.sdt.core - 0 - Project scala2.0 runs on platform default installation.
2014-07-27 01:29:31,810  WARN [main] - org.scala-ide.sdt.core - org.scala-ide.sdt.core - org.scala-ide.sdt.core - 0 - Project scala2.0 has platform default sourceLevel.
2014-07-27 01:29:31,820  WARN [main] - org.scala-ide.sdt.core - org.scala-ide.sdt.core - org.scala-ide.sdt.core - 0 - Project scala2.0 runs on platform default installation.
2014-07-27 01:29:31,868  WARN [main] - org.scala-ide.sdt.core - org.scala-ide.sdt.core - org.scala-ide.sdt.core - 0 - Project scala2.0 has platform default sourceLevel.
2014-07-27 01:29:31,869  WARN [main] - org.scala-ide.sdt.core - org.scala-ide.sdt.core - org.scala-ide.sdt.core - 0 - Project scala2.0 runs on platform default installation.
2014-07-27 01:29:32,039  WARN [main] - org.scala-ide.sdt.core - org.scala-ide.sdt.core - org.scala-ide.sdt.core - 0 - Preference scala.compiler.sourceLevel was uninitialized, setting default to 2.11.
2014-07-27 01:29:32,040  WARN [main] - org.scala-ide.sdt.core - org.scala-ide.sdt.core - org.scala-ide.sdt.core - 0 - Preference scala.compiler.installation was uninitialized, setting default to 2.11.
2014-07-28 15:46:06,500  WARN [main] - org.scala-ide.sdt.core - org.scala-ide.sdt.core - org.scala-ide.sdt.core - 0 - Project scala2.0 has platform default sourceLevel.
2014-07-28 15:46:06,509  WARN [main] - org.scala-ide.sdt.core - org.scala-ide.sdt.core - org.scala-ide.sdt.core - 0 - Project scala2.0 runs on platform default installation.
2014-07-28 15:46:06,542  WARN [main] - org.scala-ide.sdt.core - org.scala-ide.sdt.core - org.scala-ide.sdt.core - 0 - Project scala2.0 has platform default sourceLevel.
2014-07-28 15:46:06,542  WARN [main] - org.scala-ide.sdt.core - org.scala-ide.sdt.core - org.scala-ide.sdt.core - 0 - Project scala2.0 runs on platform default installation.
2014-07-28 15:46:06,559  WARN [main] - org.scala-ide.sdt.core - org.scala-ide.sdt.core - org.scala-ide.sdt.core - 0 - Preference scala.compiler.sourceLevel was uninitialized, setting default to 2.11.
2014-07-28 15:46:06,560  WARN [main] - org.scala-ide.sdt.core - org.scala-ide.sdt.core - org.scala-ide.sdt.core - 0 - Preference scala.compiler.installation was uninitialized, setting default to 2.11.
2014-07-29 15:27:29,621  WARN [main] - org.scala-ide.sdt.core - org.scala-ide.sdt.core - org.scala-ide.sdt.core - 0 - Project scala2.0 has platform default sourceLevel.
2014-07-29 15:27:29,647  WARN [main] - org.scala-ide.sdt.core - org.scala-ide.sdt.core - org.scala-ide.sdt.core - 0 - Project scala2.0 runs on platform default installation.
2014-07-29 15:27:29,663  WARN [main] - org.scala-ide.sdt.core - org.scala-ide.sdt.core - org.scala-ide.sdt.core - 0 - Project scala2.0 has platform default sourceLevel.
2014-07-29 15:27:29,664  WARN [main] - org.scala-ide.sdt.core - org.scala-ide.sdt.core - org.scala-ide.sdt.core - 0 - Project scala2.0 runs on platform default installation.
2014-07-29 15:27:29,664  WARN [main] - org.scala-ide.sdt.core - org.scala-ide.sdt.core - org.scala-ide.sdt.core - 0 - Preference scala.compiler.sourceLevel was uninitialized, setting default to 2.11.
2014-07-29 15:27:29,665  WARN [main] - org.scala-ide.sdt.core - org.scala-ide.sdt.core - org.scala-ide.sdt.core - 0 - Preference scala.compiler.installation was uninitialized, setting default to 2.11.
2014-07-29 20:05:42,895  WARN [main] - org.scala-ide.sdt.core - org.scala-ide.sdt.core - org.scala-ide.sdt.core - 0 - Project scala2.0 has platform default sourceLevel.
2014-07-29 20:05:42,897  WARN [main] - org.scala-ide.sdt.core - org.scala-ide.sdt.core - org.scala-ide.sdt.core - 0 - Project scala2.0 runs on platform default installation.
2014-07-29 20:05:42,897  WARN [main] - org.scala-ide.sdt.core - org.scala-ide.sdt.core - org.scala-ide.sdt.core - 0 - Project scala2.0 has platform default sourceLevel.
2014-07-29 20:05:42,897  WARN [main] - org.scala-ide.sdt.core - org.scala-ide.sdt.core - org.scala-ide.sdt.core - 0 - Project scala2.0 runs on platform default installation.
2014-07-29 20:05:42,898  WARN [main] - org.scala-ide.sdt.core - org.scala-ide.sdt.core - org.scala-ide.sdt.core - 0 - Preference scala.compiler.sourceLevel was uninitialized, setting default to 2.11.
2014-07-29 20:05:42,898  WARN [main] - org.scala-ide.sdt.core - org.scala-ide.sdt.core - org.scala-ide.sdt.core - 0 - Preference scala.compiler.installation was uninitialized, setting default to 2.11.
2014-07-30 12:44:59,570  WARN [main] - org.scala-ide.sdt.core - org.scala-ide.sdt.core - org.scala-ide.sdt.core - 0 - Project scala2.0 has platform default sourceLevel.
2014-07-30 12:44:59,634  WARN [main] - org.scala-ide.sdt.core - org.scala-ide.sdt.core - org.scala-ide.sdt.core - 0 - Project scala2.0 runs on platform default installation.
2014-07-30 12:44:59,701  WARN [main] - org.scala-ide.sdt.core - org.scala-ide.sdt.core - org.scala-ide.sdt.core - 0 - Project scala2.0 has platform default sourceLevel.
2014-07-30 12:44:59,702  WARN [main] - org.scala-ide.sdt.core - org.scala-ide.sdt.core - org.scala-ide.sdt.core - 0 - Project scala2.0 runs on platform default installation.
2014-07-30 12:44:59,702  WARN [main] - org.scala-ide.sdt.core - org.scala-ide.sdt.core - org.scala-ide.sdt.core - 0 - Preference scala.compiler.sourceLevel was uninitialized, setting default to 2.11.
2014-07-30 12:44:59,703  WARN [main] - org.scala-ide.sdt.core - org.scala-ide.sdt.core - org.scala-ide.sdt.core - 0 - Preference scala.compiler.installation was uninitialized, setting default to 2.11.
2014-07-30 14:07:56,262  WARN [main] - org.scala-ide.sdt.core - org.scala-ide.sdt.core - org.scala-ide.sdt.core - 0 - Project scala2.0 has platform default sourceLevel.
2014-07-30 14:07:56,266  WARN [main] - org.scala-ide.sdt.core - org.scala-ide.sdt.core - org.scala-ide.sdt.core - 0 - Project scala2.0 runs on platform default installation.
2014-07-30 14:07:56,266  WARN [main] - org.scala-ide.sdt.core - org.scala-ide.sdt.core - org.scala-ide.sdt.core - 0 - Project scala2.0 has platform default sourceLevel.
2014-07-30 14:07:56,267  WARN [main] - org.scala-ide.sdt.core - org.scala-ide.sdt.core - org.scala-ide.sdt.core - 0 - Project scala2.0 runs on platform default installation.
2014-07-30 14:07:56,288  WARN [main] - org.scala-ide.sdt.core - org.scala-ide.sdt.core - org.scala-ide.sdt.core - 0 - Preference scala.compiler.sourceLevel was uninitialized, setting default to 2.11.
2014-07-30 14:07:56,288  WARN [main] - org.scala-ide.sdt.core - org.scala-ide.sdt.core - org.scala-ide.sdt.core - 0 - Preference scala.compiler.installation was uninitialized, setting default to 2.11.
2014-07-30 17:55:21,990  WARN [main] - org.scala-ide.sdt.core - org.scala-ide.sdt.core - org.scala-ide.sdt.core - 0 - Project scala2.0 has platform default sourceLevel.
2014-07-30 17:55:21,990  WARN [main] - org.scala-ide.sdt.core - org.scala-ide.sdt.core - org.scala-ide.sdt.core - 0 - Project scala2.0 runs on platform default installation.
2014-07-30 17:55:21,991  WARN [main] - org.scala-ide.sdt.core - org.scala-ide.sdt.core - org.scala-ide.sdt.core - 0 - Project scala2.0 has platform default sourceLevel.
2014-07-30 17:55:21,991  WARN [main] - org.scala-ide.sdt.core - org.scala-ide.sdt.core - org.scala-ide.sdt.core - 0 - Project scala2.0 runs on platform default installation.
2014-07-30 19:08:33,819  WARN [main] - org.scala-ide.sdt.core - org.scala-ide.sdt.core - org.scala-ide.sdt.core - 0 - Project scala2.0 has platform default sourceLevel.
2014-07-30 19:08:33,819  WARN [main] - org.scala-ide.sdt.core - org.scala-ide.sdt.core - org.scala-ide.sdt.core - 0 - Project scala2.0 runs on platform default installation.
2014-07-30 19:08:33,820  WARN [main] - org.scala-ide.sdt.core - org.scala-ide.sdt.core - org.scala-ide.sdt.core - 0 - Project scala2.0 has platform default sourceLevel.
2014-07-30 19:08:33,820  WARN [main] - org.scala-ide.sdt.core - org.scala-ide.sdt.core - org.scala-ide.sdt.core - 0 - Project scala2.0 runs on platform default installation.
2014-07-30 23:40:47,472  WARN [main] - org.scala-ide.sdt.core - org.scala-ide.sdt.core - org.scala-ide.sdt.core - 0 - Project scala2.0 has platform default sourceLevel.
2014-07-30 23:40:47,484  WARN [main] - org.scala-ide.sdt.core - org.scala-ide.sdt.core - org.scala-ide.sdt.core - 0 - Project scala2.0 runs on platform default installation.
2014-07-30 23:40:47,503  WARN [main] - org.scala-ide.sdt.core - org.scala-ide.sdt.core - org.scala-ide.sdt.core - 0 - Project scala2.0 has platform default sourceLevel.
2014-07-30 23:40:47,503  WARN [main] - org.scala-ide.sdt.core - org.scala-ide.sdt.core - org.scala-ide.sdt.core - 0 - Project scala2.0 runs on platform default installation.
2014-07-30 23:40:47,507  WARN [main] - org.scala-ide.sdt.core - org.scala-ide.sdt.core - org.scala-ide.sdt.core - 0 - Preference scala.compiler.sourceLevel was uninitialized, setting default to 2.11.
2014-07-30 23:40:47,507  WARN [main] - org.scala-ide.sdt.core - org.scala-ide.sdt.core - org.scala-ide.sdt.core - 0 - Preference scala.compiler.installation was uninitialized, setting default to 2.11.
2014-07-31 01:08:12,289  WARN [main] - org.scala-ide.sdt.core - org.scala-ide.sdt.core - org.scala-ide.sdt.core - 0 - Project scala2.0 has platform default sourceLevel.
2014-07-31 01:08:12,291  WARN [main] - org.scala-ide.sdt.core - org.scala-ide.sdt.core - org.scala-ide.sdt.core - 0 - Project scala2.0 runs on platform default installation.
2014-07-31 01:08:12,309  WARN [main] - org.scala-ide.sdt.core - org.scala-ide.sdt.core - org.scala-ide.sdt.core - 0 - Project scala2.0 has platform default sourceLevel.
2014-07-31 01:08:12,310  WARN [main] - org.scala-ide.sdt.core - org.scala-ide.sdt.core - org.scala-ide.sdt.core - 0 - Project scala2.0 runs on platform default installation.
2014-07-31 01:08:12,368  WARN [main] - org.scala-ide.sdt.core - org.scala-ide.sdt.core - org.scala-ide.sdt.core - 0 - Preference scala.compiler.sourceLevel was uninitialized, setting default to 2.11.
2014-07-31 01:08:12,369  WARN [main] - org.scala-ide.sdt.core - org.scala-ide.sdt.core - org.scala-ide.sdt.core - 0 - Preference scala.compiler.installation was uninitialized, setting default to 2.11.
2014-08-01 00:26:42,811  WARN [main] - org.scala-ide.sdt.core - org.scala-ide.sdt.core - org.scala-ide.sdt.core - 0 - Project scala2.0 has platform default sourceLevel.
2014-08-01 00:26:42,829  WARN [main] - org.scala-ide.sdt.core - org.scala-ide.sdt.core - org.scala-ide.sdt.core - 0 - Project scala2.0 runs on platform default installation.
2014-08-01 00:26:42,872  WARN [main] - org.scala-ide.sdt.core - org.scala-ide.sdt.core - org.scala-ide.sdt.core - 0 - Project scala2.0 has platform default sourceLevel.
2014-08-01 00:26:42,873  WARN [main] - org.scala-ide.sdt.core - org.scala-ide.sdt.core - org.scala-ide.sdt.core - 0 - Project scala2.0 runs on platform default installation.
2014-08-01 00:26:42,995  WARN [main] - org.scala-ide.sdt.core - org.scala-ide.sdt.core - org.scala-ide.sdt.core - 0 - Preference scala.compiler.sourceLevel was uninitialized, setting default to 2.11.
2014-08-01 00:26:42,996  WARN [main] - org.scala-ide.sdt.core - org.scala-ide.sdt.core - org.scala-ide.sdt.core - 0 - Preference scala.compiler.installation was uninitialized, setting default to 2.11.
2014-08-01 00:42:00,607  WARN [main] - org.scala-ide.sdt.core - org.scala-ide.sdt.core - org.scala-ide.sdt.core - 0 - Project scala2.0 has platform default sourceLevel.
2014-08-01 00:42:00,608  WARN [main] - org.scala-ide.sdt.core - org.scala-ide.sdt.core - org.scala-ide.sdt.core - 0 - Project scala2.0 runs on platform default installation.
2014-08-01 00:42:00,608  WARN [main] - org.scala-ide.sdt.core - org.scala-ide.sdt.core - org.scala-ide.sdt.core - 0 - Project scala2.0 has platform default sourceLevel.
2014-08-01 00:42:00,608  WARN [main] - org.scala-ide.sdt.core - org.scala-ide.sdt.core - org.scala-ide.sdt.core - 0 - Project scala2.0 runs on platform default installation.
2014-08-01 11:36:52,304  WARN [main] - org.scala-ide.sdt.core - org.scala-ide.sdt.core - org.scala-ide.sdt.core - 0 - Project scala2.0 has platform default sourceLevel.
2014-08-01 11:36:52,333  WARN [main] - org.scala-ide.sdt.core - org.scala-ide.sdt.core - org.scala-ide.sdt.core - 0 - Project scala2.0 runs on platform default installation.
2014-08-01 11:36:52,348  WARN [main] - org.scala-ide.sdt.core - org.scala-ide.sdt.core - org.scala-ide.sdt.core - 0 - Project scala2.0 has platform default sourceLevel.
2014-08-01 11:36:52,348  WARN [main] - org.scala-ide.sdt.core - org.scala-ide.sdt.core - org.scala-ide.sdt.core - 0 - Project scala2.0 runs on platform default installation.
2014-08-01 11:36:52,366  WARN [main] - org.scala-ide.sdt.core - org.scala-ide.sdt.core - org.scala-ide.sdt.core - 0 - Preference scala.compiler.sourceLevel was uninitialized, setting default to 2.11.
2014-08-01 11:36:52,366  WARN [main] - org.scala-ide.sdt.core - org.scala-ide.sdt.core - org.scala-ide.sdt.core - 0 - Preference scala.compiler.installation was uninitialized, setting default to 2.11.
2014-08-01 17:58:24,001  WARN [main] - org.scala-ide.sdt.core - org.scala-ide.sdt.core - org.scala-ide.sdt.core - 0 - Project scala2.0 has platform default sourceLevel.
2014-08-01 17:58:24,020  WARN [main] - org.scala-ide.sdt.core - org.scala-ide.sdt.core - org.scala-ide.sdt.core - 0 - Project scala2.0 runs on platform default installation.
2014-08-01 17:58:24,035  WARN [main] - org.scala-ide.sdt.core - org.scala-ide.sdt.core - org.scala-ide.sdt.core - 0 - Project scala2.0 has platform default sourceLevel.
2014-08-01 17:58:24,036  WARN [main] - org.scala-ide.sdt.core - org.scala-ide.sdt.core - org.scala-ide.sdt.core - 0 - Project scala2.0 runs on platform default installation.
2014-08-01 17:58:24,047  WARN [main] - org.scala-ide.sdt.core - org.scala-ide.sdt.core - org.scala-ide.sdt.core - 0 - Preference scala.compiler.sourceLevel was uninitialized, setting default to 2.11.
2014-08-01 17:58:24,048  WARN [main] - org.scala-ide.sdt.core - org.scala-ide.sdt.core - org.scala-ide.sdt.core - 0 - Preference scala.compiler.installation was uninitialized, setting default to 2.11.
2014-08-02 12:30:29,337  WARN [main] - org.scala-ide.sdt.core - org.scala-ide.sdt.core - org.scala-ide.sdt.core - 0 - Project scala2.0 has platform default sourceLevel.
2014-08-02 12:30:29,389  WARN [main] - org.scala-ide.sdt.core - org.scala-ide.sdt.core - org.scala-ide.sdt.core - 0 - Project scala2.0 runs on platform default installation.
2014-08-02 12:30:29,397  WARN [main] - org.scala-ide.sdt.core - org.scala-ide.sdt.core - org.scala-ide.sdt.core - 0 - Project scala2.0 has platform default sourceLevel.
2014-08-02 12:30:29,397  WARN [main] - org.scala-ide.sdt.core - org.scala-ide.sdt.core - org.scala-ide.sdt.core - 0 - Project scala2.0 runs on platform default installation.
2014-08-02 12:30:29,412  WARN [main] - org.scala-ide.sdt.core - org.scala-ide.sdt.core - org.scala-ide.sdt.core - 0 - Preference scala.compiler.sourceLevel was uninitialized, setting default to 2.11.
2014-08-02 12:30:29,412  WARN [main] - org.scala-ide.sdt.core - org.scala-ide.sdt.core - org.scala-ide.sdt.core - 0 - Preference scala.compiler.installation was uninitialized, setting default to 2.11.
2014-08-03 16:06:25,376  WARN [main] - org.scala-ide.sdt.core - org.scala-ide.sdt.core - org.scala-ide.sdt.core - 0 - Project scala2.0 has platform default sourceLevel.
2014-08-03 16:06:25,424  WARN [main] - org.scala-ide.sdt.core - org.scala-ide.sdt.core - org.scala-ide.sdt.core - 0 - Project scala2.0 runs on platform default installation.
2014-08-03 16:06:25,441  WARN [main] - org.scala-ide.sdt.core - org.scala-ide.sdt.core - org.scala-ide.sdt.core - 0 - Project scala2.0 has platform default sourceLevel.
2014-08-03 16:06:25,442  WARN [main] - org.scala-ide.sdt.core - org.scala-ide.sdt.core - org.scala-ide.sdt.core - 0 - Project scala2.0 runs on platform default installation.
2014-08-03 16:06:25,444  WARN [main] - org.scala-ide.sdt.core - org.scala-ide.sdt.core - org.scala-ide.sdt.core - 0 - Preference scala.compiler.sourceLevel was uninitialized, setting default to 2.11.
2014-08-03 16:06:25,444  WARN [main] - org.scala-ide.sdt.core - org.scala-ide.sdt.core - org.scala-ide.sdt.core - 0 - Preference scala.compiler.installation was uninitialized, setting default to 2.11.
2014-08-15 23:13:26,417  WARN [main] - org.scala-ide.sdt.core - org.scala-ide.sdt.core - org.scala-ide.sdt.core - 0 - Project scala2.0 has platform default sourceLevel.
2014-08-15 23:13:26,454  WARN [main] - org.scala-ide.sdt.core - org.scala-ide.sdt.core - org.scala-ide.sdt.core - 0 - Project scala2.0 runs on platform default installation.
2014-08-15 23:13:26,525  WARN [main] - org.scala-ide.sdt.core - org.scala-ide.sdt.core - org.scala-ide.sdt.core - 0 - Project scala2.0 has platform default sourceLevel.
2014-08-15 23:13:26,526  WARN [main] - org.scala-ide.sdt.core - org.scala-ide.sdt.core - org.scala-ide.sdt.core - 0 - Project scala2.0 runs on platform default installation.
2014-08-15 23:13:26,530  WARN [main] - org.scala-ide.sdt.core - org.scala-ide.sdt.core - org.scala-ide.sdt.core - 0 - Preference scala.compiler.sourceLevel was uninitialized, setting default to 2.11.
2014-08-15 23:13:26,531  WARN [main] - org.scala-ide.sdt.core - org.scala-ide.sdt.core - org.scala-ide.sdt.core - 0 - Preference scala.compiler.installation was uninitialized, setting default to 2.11.
2014-08-17 20:46:31,521  WARN [main] - org.scala-ide.sdt.core - org.scala-ide.sdt.core - org.scala-ide.sdt.core - 0 - Project scala2.0 has platform default sourceLevel.
2014-08-17 20:46:31,570  WARN [main] - org.scala-ide.sdt.core - org.scala-ide.sdt.core - org.scala-ide.sdt.core - 0 - Project scala2.0 runs on platform default installation.
2014-08-17 20:46:31,595  WARN [main] - org.scala-ide.sdt.core - org.scala-ide.sdt.core - org.scala-ide.sdt.core - 0 - Project scala2.0 has platform default sourceLevel.
2014-08-17 20:46:31,595  WARN [main] - org.scala-ide.sdt.core - org.scala-ide.sdt.core - org.scala-ide.sdt.core - 0 - Project scala2.0 runs on platform default installation.
2014-08-17 20:46:31,619  WARN [main] - org.scala-ide.sdt.core - org.scala-ide.sdt.core - org.scala-ide.sdt.core - 0 - Preference scala.compiler.sourceLevel was uninitialized, setting default to 2.11.
2014-08-17 20:46:31,621  WARN [main] - org.scala-ide.sdt.core - org.scala-ide.sdt.core - org.scala-ide.sdt.core - 0 - Preference scala.compiler.installation was uninitialized, setting default to 2.11.
2014-08-19 14:35:31,626  WARN [main] - org.scala-ide.sdt.core - org.scala-ide.sdt.core - org.scala-ide.sdt.core - 0 - Project scala2.0 has platform default sourceLevel.
2014-08-19 14:35:31,675  WARN [main] - org.scala-ide.sdt.core - org.scala-ide.sdt.core - org.scala-ide.sdt.core - 0 - Project scala2.0 runs on platform default installation.
2014-08-19 14:35:31,756  WARN [main] - org.scala-ide.sdt.core - org.scala-ide.sdt.core - org.scala-ide.sdt.core - 0 - Project scala2.0 has platform default sourceLevel.
2014-08-19 14:35:31,756  WARN [main] - org.scala-ide.sdt.core - org.scala-ide.sdt.core - org.scala-ide.sdt.core - 0 - Project scala2.0 runs on platform default installation.
2014-08-19 14:35:31,764  WARN [main] - org.scala-ide.sdt.core - org.scala-ide.sdt.core - org.scala-ide.sdt.core - 0 - Preference scala.compiler.sourceLevel was uninitialized, setting default to 2.11.
2014-08-19 14:35:31,765  WARN [main] - org.scala-ide.sdt.core - org.scala-ide.sdt.core - org.scala-ide.sdt.core - 0 - Preference scala.compiler.installation was uninitialized, setting default to 2.11.
2014-08-31 11:15:30,403  WARN [main] - org.scala-ide.sdt.core - org.scala-ide.sdt.core - org.scala-ide.sdt.core - 0 - Project scala2.0 has platform default sourceLevel.
2014-08-31 11:15:30,447  WARN [main] - org.scala-ide.sdt.core - org.scala-ide.sdt.core - org.scala-ide.sdt.core - 0 - Project scala2.0 runs on platform default installation.
2014-08-31 11:15:30,474  WARN [main] - org.scala-ide.sdt.core - org.scala-ide.sdt.core - org.scala-ide.sdt.core - 0 - Project scala2.0 has platform default sourceLevel.
2014-08-31 11:15:30,475  WARN [main] - org.scala-ide.sdt.core - org.scala-ide.sdt.core - org.scala-ide.sdt.core - 0 - Project scala2.0 runs on platform default installation.
2014-08-31 11:15:30,478  WARN [main] - org.scala-ide.sdt.core - org.scala-ide.sdt.core - org.scala-ide.sdt.core - 0 - Preference scala.compiler.sourceLevel was uninitialized, setting default to 2.11.
2014-08-31 11:15:30,478  WARN [main] - org.scala-ide.sdt.core - org.scala-ide.sdt.core - org.scala-ide.sdt.core - 0 - Preference scala.compiler.installation was uninitialized, setting default to 2.11.
2014-08-31 11:16:35,700  WARN [main] - org.scala-ide.sdt.core - org.scala-ide.sdt.core - org.scala-ide.sdt.core - 0 - Project scala2.0 has platform default sourceLevel.
2014-08-31 11:16:35,700  WARN [main] - org.scala-ide.sdt.core - org.scala-ide.sdt.core - org.scala-ide.sdt.core - 0 - Project scala2.0 runs on platform default installation.
2014-08-31 11:16:35,701  WARN [main] - org.scala-ide.sdt.core - org.scala-ide.sdt.core - org.scala-ide.sdt.core - 0 - Project scala2.0 has platform default sourceLevel.
2014-08-31 11:16:35,702  WARN [main] - org.scala-ide.sdt.core - org.scala-ide.sdt.core - org.scala-ide.sdt.core - 0 - Project scala2.0 runs on platform default installation.
2014-08-31 21:16:19,551  WARN [main] - org.scala-ide.sdt.core - org.scala-ide.sdt.core - org.scala-ide.sdt.core - 0 - Project scala2.0 has platform default sourceLevel.
2014-08-31 21:16:19,590  WARN [main] - org.scala-ide.sdt.core - org.scala-ide.sdt.core - org.scala-ide.sdt.core - 0 - Project scala2.0 runs on platform default installation.
2014-08-31 21:16:19,617  WARN [main] - org.scala-ide.sdt.core - org.scala-ide.sdt.core - org.scala-ide.sdt.core - 0 - Project scala2.0 has platform default sourceLevel.
2014-08-31 21:16:19,617  WARN [main] - org.scala-ide.sdt.core - org.scala-ide.sdt.core - org.scala-ide.sdt.core - 0 - Project scala2.0 runs on platform default installation.
2014-08-31 21:16:19,619  WARN [main] - org.scala-ide.sdt.core - org.scala-ide.sdt.core - org.scala-ide.sdt.core - 0 - Preference scala.compiler.sourceLevel was uninitialized, setting default to 2.11.
2014-08-31 21:16:19,620  WARN [main] - org.scala-ide.sdt.core - org.scala-ide.sdt.core - org.scala-ide.sdt.core - 0 - Preference scala.compiler.installation was uninitialized, setting default to 2.11.
2014-08-31 22:14:39,210  WARN [main] - org.scala-ide.sdt.core - org.scala-ide.sdt.core - org.scala-ide.sdt.core - 0 - Project scala2.0 has platform default sourceLevel.
2014-08-31 22:14:39,210  WARN [main] - org.scala-ide.sdt.core - org.scala-ide.sdt.core - org.scala-ide.sdt.core - 0 - Project scala2.0 runs on platform default installation.
2014-08-31 22:14:39,211  WARN [main] - org.scala-ide.sdt.core - org.scala-ide.sdt.core - org.scala-ide.sdt.core - 0 - Project scala2.0 has platform default sourceLevel.
2014-08-31 22:14:39,211  WARN [main] - org.scala-ide.sdt.core - org.scala-ide.sdt.core - org.scala-ide.sdt.core - 0 - Project scala2.0 runs on platform default installation.
2014-09-01 10:10:29,957  WARN [main] - org.scala-ide.sdt.core - org.scala-ide.sdt.core - org.scala-ide.sdt.core - 0 - Project scala2.0 has platform default sourceLevel.
2014-09-01 10:10:29,998  WARN [main] - org.scala-ide.sdt.core - org.scala-ide.sdt.core - org.scala-ide.sdt.core - 0 - Project scala2.0 runs on platform default installation.
2014-09-01 10:10:30,027  WARN [main] - org.scala-ide.sdt.core - org.scala-ide.sdt.core - org.scala-ide.sdt.core - 0 - Project scala2.0 has platform default sourceLevel.
2014-09-01 10:10:30,028  WARN [main] - org.scala-ide.sdt.core - org.scala-ide.sdt.core - org.scala-ide.sdt.core - 0 - Project scala2.0 runs on platform default installation.
2014-09-01 10:10:30,037  WARN [main] - org.scala-ide.sdt.core - org.scala-ide.sdt.core - org.scala-ide.sdt.core - 0 - Preference scala.compiler.sourceLevel was uninitialized, setting default to 2.11.
2014-09-01 10:10:30,038  WARN [main] - org.scala-ide.sdt.core - org.scala-ide.sdt.core - org.scala-ide.sdt.core - 0 - Preference scala.compiler.installation was uninitialized, setting default to 2.11.
2014-09-01 12:04:09,584  WARN [main] - org.scala-ide.sdt.core - org.scala-ide.sdt.core - org.scala-ide.sdt.core - 0 - Project scala2.0 has platform default sourceLevel.
2014-09-01 12:04:09,620  WARN [main] - org.scala-ide.sdt.core - org.scala-ide.sdt.core - org.scala-ide.sdt.core - 0 - Project scala2.0 runs on platform default installation.
2014-09-01 12:04:09,657  WARN [main] - org.scala-ide.sdt.core - org.scala-ide.sdt.core - org.scala-ide.sdt.core - 0 - Project scala2.0 has platform default sourceLevel.
2014-09-01 12:04:09,658  WARN [main] - org.scala-ide.sdt.core - org.scala-ide.sdt.core - org.scala-ide.sdt.core - 0 - Project scala2.0 runs on platform default installation.
2014-09-01 12:04:09,662  WARN [main] - org.scala-ide.sdt.core - org.scala-ide.sdt.core - org.scala-ide.sdt.core - 0 - Preference scala.compiler.sourceLevel was uninitialized, setting default to 2.11.
2014-09-01 12:04:09,663  WARN [main] - org.scala-ide.sdt.core - org.scala-ide.sdt.core - org.scala-ide.sdt.core - 0 - Preference scala.compiler.installation was uninitialized, setting default to 2.11.
2014-09-01 17:04:17,075  WARN [main] - org.scala-ide.sdt.core - org.scala-ide.sdt.core - org.scala-ide.sdt.core - 0 - Project scala2.0 has platform default sourceLevel.
2014-09-01 17:04:17,148  WARN [main] - org.scala-ide.sdt.core - org.scala-ide.sdt.core - org.scala-ide.sdt.core - 0 - Project scala2.0 runs on platform default installation.
2014-09-01 17:04:17,159  WARN [main] - org.scala-ide.sdt.core - org.scala-ide.sdt.core - org.scala-ide.sdt.core - 0 - Project scala2.0 has platform default sourceLevel.
2014-09-01 17:04:17,159  WARN [main] - org.scala-ide.sdt.core - org.scala-ide.sdt.core - org.scala-ide.sdt.core - 0 - Project scala2.0 runs on platform default installation.
2014-09-01 17:04:17,178  WARN [main] - org.scala-ide.sdt.core - org.scala-ide.sdt.core - org.scala-ide.sdt.core - 0 - Preference scala.compiler.sourceLevel was uninitialized, setting default to 2.11.
2014-09-01 17:04:17,179  WARN [main] - org.scala-ide.sdt.core - org.scala-ide.sdt.core - org.scala-ide.sdt.core - 0 - Preference scala.compiler.installation was uninitialized, setting default to 2.11.
2014-09-01 17:30:50,641  WARN [main] - org.scala-ide.sdt.core - org.scala-ide.sdt.core - org.scala-ide.sdt.core - 0 - Project scala2.0 has platform default sourceLevel.
2014-09-01 17:30:50,683  WARN [main] - org.scala-ide.sdt.core - org.scala-ide.sdt.core - org.scala-ide.sdt.core - 0 - Project scala2.0 runs on platform default installation.
2014-09-01 17:30:50,707  WARN [main] - org.scala-ide.sdt.core - org.scala-ide.sdt.core - org.scala-ide.sdt.core - 0 - Project scala2.0 has platform default sourceLevel.
2014-09-01 17:30:50,707  WARN [main] - org.scala-ide.sdt.core - org.scala-ide.sdt.core - org.scala-ide.sdt.core - 0 - Project scala2.0 runs on platform default installation.
2014-09-01 17:30:50,729  WARN [main] - org.scala-ide.sdt.core - org.scala-ide.sdt.core - org.scala-ide.sdt.core - 0 - Preference scala.compiler.sourceLevel was uninitialized, setting default to 2.11.
2014-09-01 17:30:50,729  WARN [main] - org.scala-ide.sdt.core - org.scala-ide.sdt.core - org.scala-ide.sdt.core - 0 - Preference scala.compiler.installation was uninitialized, setting default to 2.11.
2014-09-01 19:28:13,772  WARN [main] - org.scala-ide.sdt.core - org.scala-ide.sdt.core - org.scala-ide.sdt.core - 0 - Project scala2.0 has platform default sourceLevel.
2014-09-01 19:28:13,826  WARN [main] - org.scala-ide.sdt.core - org.scala-ide.sdt.core - org.scala-ide.sdt.core - 0 - Project scala2.0 runs on platform default installation.
2014-09-01 19:28:13,831  WARN [main] - org.scala-ide.sdt.core - org.scala-ide.sdt.core - org.scala-ide.sdt.core - 0 - Project scala2.0 has platform default sourceLevel.
2014-09-01 19:28:13,831  WARN [main] - org.scala-ide.sdt.core - org.scala-ide.sdt.core - org.scala-ide.sdt.core - 0 - Project scala2.0 runs on platform default installation.
2014-09-01 19:28:13,832  WARN [main] - org.scala-ide.sdt.core - org.scala-ide.sdt.core - org.scala-ide.sdt.core - 0 - Preference scala.compiler.sourceLevel was uninitialized, setting default to 2.11.
2014-09-01 19:28:13,832  WARN [main] - org.scala-ide.sdt.core - org.scala-ide.sdt.core - org.scala-ide.sdt.core - 0 - Preference scala.compiler.installation was uninitialized, setting default to 2.11.
2014-09-01 21:40:08,943  WARN [main] - org.scala-ide.sdt.core - org.scala-ide.sdt.core - org.scala-ide.sdt.core - 0 - Project scala2.0 has platform default sourceLevel.
2014-09-01 21:40:08,982  WARN [main] - org.scala-ide.sdt.core - org.scala-ide.sdt.core - org.scala-ide.sdt.core - 0 - Project scala2.0 runs on platform default installation.
2014-09-01 21:40:08,985  WARN [main] - org.scala-ide.sdt.core - org.scala-ide.sdt.core - org.scala-ide.sdt.core - 0 - Project scala2.0 has platform default sourceLevel.
2014-09-01 21:40:08,985  WARN [main] - org.scala-ide.sdt.core - org.scala-ide.sdt.core - org.scala-ide.sdt.core - 0 - Project scala2.0 runs on platform default installation.
2014-09-01 21:40:08,990  WARN [main] - org.scala-ide.sdt.core - org.scala-ide.sdt.core - org.scala-ide.sdt.core - 0 - Preference scala.compiler.sourceLevel was uninitialized, setting default to 2.11.
2014-09-01 21:40:08,990  WARN [main] - org.scala-ide.sdt.core - org.scala-ide.sdt.core - org.scala-ide.sdt.core - 0 - Preference scala.compiler.installation was uninitialized, setting default to 2.11.
2014-09-02 11:41:36,046  WARN [main] - org.scala-ide.sdt.core - org.scala-ide.sdt.core - org.scala-ide.sdt.core - 0 - Project scala2.0 has platform default sourceLevel.
2014-09-02 11:41:36,099  WARN [main] - org.scala-ide.sdt.core - org.scala-ide.sdt.core - org.scala-ide.sdt.core - 0 - Project scala2.0 runs on platform default installation.
2014-09-02 11:41:36,103  WARN [main] - org.scala-ide.sdt.core - org.scala-ide.sdt.core - org.scala-ide.sdt.core - 0 - Project scala2.0 has platform default sourceLevel.
2014-09-02 11:41:36,104  WARN [main] - org.scala-ide.sdt.core - org.scala-ide.sdt.core - org.scala-ide.sdt.core - 0 - Project scala2.0 runs on platform default installation.
2014-09-02 11:41:36,112  WARN [main] - org.scala-ide.sdt.core - org.scala-ide.sdt.core - org.scala-ide.sdt.core - 0 - Preference scala.compiler.sourceLevel was uninitialized, setting default to 2.11.
2014-09-02 11:41:36,113  WARN [main] - org.scala-ide.sdt.core - org.scala-ide.sdt.core - org.scala-ide.sdt.core - 0 - Preference scala.compiler.installation was uninitialized, setting default to 2.11.
2014-09-02 12:30:03,522  WARN [main] - org.scala-ide.sdt.core - org.scala-ide.sdt.core - org.scala-ide.sdt.core - 0 - Project scala2.0 has platform default sourceLevel.
2014-09-02 12:30:03,627  WARN [main] - org.scala-ide.sdt.core - org.scala-ide.sdt.core - org.scala-ide.sdt.core - 0 - Project scala2.0 runs on platform default installation.
2014-09-02 12:30:03,653  WARN [main] - org.scala-ide.sdt.core - org.scala-ide.sdt.core - org.scala-ide.sdt.core - 0 - Project scala2.0 has platform default sourceLevel.
2014-09-02 12:30:03,653  WARN [main] - org.scala-ide.sdt.core - org.scala-ide.sdt.core - org.scala-ide.sdt.core - 0 - Project scala2.0 runs on platform default installation.
2014-09-02 12:30:03,655  WARN [main] - org.scala-ide.sdt.core - org.scala-ide.sdt.core - org.scala-ide.sdt.core - 0 - Preference scala.compiler.sourceLevel was uninitialized, setting default to 2.11.
2014-09-02 12:30:03,655  WARN [main] - org.scala-ide.sdt.core - org.scala-ide.sdt.core - org.scala-ide.sdt.core - 0 - Preference scala.compiler.installation was uninitialized, setting default to 2.11.
2014-09-02 14:43:06,946  WARN [main] - org.scala-ide.sdt.core - org.scala-ide.sdt.core - org.scala-ide.sdt.core - 0 - Project scala2.0 has platform default sourceLevel.
2014-09-02 14:43:06,973  WARN [main] - org.scala-ide.sdt.core - org.scala-ide.sdt.core - org.scala-ide.sdt.core - 0 - Project scala2.0 runs on platform default installation.
2014-09-02 14:43:06,990  WARN [main] - org.scala-ide.sdt.core - org.scala-ide.sdt.core - org.scala-ide.sdt.core - 0 - Project scala2.0 has platform default sourceLevel.
2014-09-02 14:43:06,990  WARN [main] - org.scala-ide.sdt.core - org.scala-ide.sdt.core - org.scala-ide.sdt.core - 0 - Project scala2.0 runs on platform default installation.
2014-09-02 14:43:07,001  WARN [main] - org.scala-ide.sdt.core - org.scala-ide.sdt.core - org.scala-ide.sdt.core - 0 - Preference scala.compiler.sourceLevel was uninitialized, setting default to 2.11.
2014-09-02 14:43:07,002  WARN [main] - org.scala-ide.sdt.core - org.scala-ide.sdt.core - org.scala-ide.sdt.core - 0 - Preference scala.compiler.installation was uninitialized, setting default to 2.11.
2014-09-02 14:50:06,405  WARN [main] - org.scala-ide.sdt.core - org.scala-ide.sdt.core - org.scala-ide.sdt.core - 0 - Project scala2.0 has platform default sourceLevel.
2014-09-02 14:50:06,406  WARN [main] - org.scala-ide.sdt.core - org.scala-ide.sdt.core - org.scala-ide.sdt.core - 0 - Project scala2.0 runs on platform default installation.
2014-09-02 14:50:06,406  WARN [main] - org.scala-ide.sdt.core - org.scala-ide.sdt.core - org.scala-ide.sdt.core - 0 - Project scala2.0 has platform default sourceLevel.
2014-09-02 14:50:06,407  WARN [main] - org.scala-ide.sdt.core - org.scala-ide.sdt.core - org.scala-ide.sdt.core - 0 - Project scala2.0 runs on platform default installation.
2014-09-02 15:51:40,050  WARN [main] - org.scala-ide.sdt.core - org.scala-ide.sdt.core - org.scala-ide.sdt.core - 0 - Project scala2.0 has platform default sourceLevel.
2014-09-02 15:51:40,087  WARN [main] - org.scala-ide.sdt.core - org.scala-ide.sdt.core - org.scala-ide.sdt.core - 0 - Project scala2.0 runs on platform default installation.
2014-09-02 15:51:40,097  WARN [main] - org.scala-ide.sdt.core - org.scala-ide.sdt.core - org.scala-ide.sdt.core - 0 - Project scala2.0 has platform default sourceLevel.
2014-09-02 15:51:40,098  WARN [main] - org.scala-ide.sdt.core - org.scala-ide.sdt.core - org.scala-ide.sdt.core - 0 - Project scala2.0 runs on platform default installation.
2014-09-02 15:51:40,102  WARN [main] - org.scala-ide.sdt.core - org.scala-ide.sdt.core - org.scala-ide.sdt.core - 0 - Preference scala.compiler.sourceLevel was uninitialized, setting default to 2.11.
2014-09-02 15:51:40,102  WARN [main] - org.scala-ide.sdt.core - org.scala-ide.sdt.core - org.scala-ide.sdt.core - 0 - Preference scala.compiler.installation was uninitialized, setting default to 2.11.
2014-09-02 17:08:14,955  WARN [main] - org.scala-ide.sdt.core - org.scala-ide.sdt.core - org.scala-ide.sdt.core - 0 - Project scala2.0 has platform default sourceLevel.
2014-09-02 17:08:14,956  WARN [main] - org.scala-ide.sdt.core - org.scala-ide.sdt.core - org.scala-ide.sdt.core - 0 - Project scala2.0 runs on platform default installation.
2014-09-02 17:08:14,957  WARN [main] - org.scala-ide.sdt.core - org.scala-ide.sdt.core - org.scala-ide.sdt.core - 0 - Project scala2.0 has platform default sourceLevel.
2014-09-02 17:08:14,958  WARN [main] - org.scala-ide.sdt.core - org.scala-ide.sdt.core - org.scala-ide.sdt.core - 0 - Project scala2.0 runs on platform default installation.
2014-09-02 17:08:14,958  WARN [main] - org.scala-ide.sdt.core - org.scala-ide.sdt.core - org.scala-ide.sdt.core - 0 - Preference scala.compiler.sourceLevel was uninitialized, setting default to 2.11.
2014-09-02 17:08:14,959  WARN [main] - org.scala-ide.sdt.core - org.scala-ide.sdt.core - org.scala-ide.sdt.core - 0 - Preference scala.compiler.installation was uninitialized, setting default to 2.11.
2014-09-04 14:37:10,805  WARN [main] - org.scala-ide.sdt.core - org.scala-ide.sdt.core - org.scala-ide.sdt.core - 0 - Project scala2.0 has platform default sourceLevel.
2014-09-04 14:37:10,847  WARN [main] - org.scala-ide.sdt.core - org.scala-ide.sdt.core - org.scala-ide.sdt.core - 0 - Project scala2.0 runs on platform default installation.
2014-09-04 14:37:10,868  WARN [main] - org.scala-ide.sdt.core - org.scala-ide.sdt.core - org.scala-ide.sdt.core - 0 - Project scala2.0 has platform default sourceLevel.
2014-09-04 14:37:10,868  WARN [main] - org.scala-ide.sdt.core - org.scala-ide.sdt.core - org.scala-ide.sdt.core - 0 - Project scala2.0 runs on platform default installation.
2014-09-04 14:37:10,873  WARN [main] - org.scala-ide.sdt.core - org.scala-ide.sdt.core - org.scala-ide.sdt.core - 0 - Preference scala.compiler.sourceLevel was uninitialized, setting default to 2.11.
2014-09-04 14:37:10,874  WARN [main] - org.scala-ide.sdt.core - org.scala-ide.sdt.core - org.scala-ide.sdt.core - 0 - Preference scala.compiler.installation was uninitialized, setting default to 2.11.
2014-09-04 14:37:37,883  WARN [main] - org.scala-ide.sdt.core - org.scala-ide.sdt.core - org.scala-ide.sdt.core - 0 - Project scala2.0 has platform default sourceLevel.
2014-09-04 14:37:37,883  WARN [main] - org.scala-ide.sdt.core - org.scala-ide.sdt.core - org.scala-ide.sdt.core - 0 - Project scala2.0 runs on platform default installation.
2014-09-04 14:37:37,883  WARN [main] - org.scala-ide.sdt.core - org.scala-ide.sdt.core - org.scala-ide.sdt.core - 0 - Project scala2.0 has platform default sourceLevel.
2014-09-04 14:37:37,883  WARN [main] - org.scala-ide.sdt.core - org.scala-ide.sdt.core - org.scala-ide.sdt.core - 0 - Project scala2.0 runs on platform default installation.
2014-09-04 15:58:24,427  WARN [main] - org.scala-ide.sdt.core - org.scala-ide.sdt.core - org.scala-ide.sdt.core - 0 - Project scala2.0 has platform default sourceLevel.
2014-09-04 15:58:24,505  WARN [main] - org.scala-ide.sdt.core - org.scala-ide.sdt.core - org.scala-ide.sdt.core - 0 - Project scala2.0 runs on platform default installation.
2014-09-04 15:58:24,518  WARN [main] - org.scala-ide.sdt.core - org.scala-ide.sdt.core - org.scala-ide.sdt.core - 0 - Project scala2.0 has platform default sourceLevel.
2014-09-04 15:58:24,519  WARN [main] - org.scala-ide.sdt.core - org.scala-ide.sdt.core - org.scala-ide.sdt.core - 0 - Project scala2.0 runs on platform default installation.
2014-09-04 15:58:24,535  WARN [main] - org.scala-ide.sdt.core - org.scala-ide.sdt.core - org.scala-ide.sdt.core - 0 - Preference scala.compiler.sourceLevel was uninitialized, setting default to 2.11.
2014-09-04 15:58:24,535  WARN [main] - org.scala-ide.sdt.core - org.scala-ide.sdt.core - org.scala-ide.sdt.core - 0 - Preference scala.compiler.installation was uninitialized, setting default to 2.11.
2014-09-04 17:04:18,393  WARN [main] - org.scala-ide.sdt.core - org.scala-ide.sdt.core - org.scala-ide.sdt.core - 0 - Project scala2.0 has platform default sourceLevel.
2014-09-04 17:04:18,439  WARN [main] - org.scala-ide.sdt.core - org.scala-ide.sdt.core - org.scala-ide.sdt.core - 0 - Project scala2.0 runs on platform default installation.
2014-09-04 17:04:18,439  WARN [main] - org.scala-ide.sdt.core - org.scala-ide.sdt.core - org.scala-ide.sdt.core - 0 - Project scala2.0 has platform default sourceLevel.
2014-09-04 17:04:18,440  WARN [main] - org.scala-ide.sdt.core - org.scala-ide.sdt.core - org.scala-ide.sdt.core - 0 - Project scala2.0 runs on platform default installation.
2014-09-04 17:04:18,442  WARN [main] - org.scala-ide.sdt.core - org.scala-ide.sdt.core - org.scala-ide.sdt.core - 0 - Preference scala.compiler.sourceLevel was uninitialized, setting default to 2.11.
2014-09-04 17:04:18,443  WARN [main] - org.scala-ide.sdt.core - org.scala-ide.sdt.core - org.scala-ide.sdt.core - 0 - Preference scala.compiler.installation was uninitialized, setting default to 2.11.
2014-09-04 17:40:10,690  WARN [main] - org.scala-ide.sdt.core - org.scala-ide.sdt.core - org.scala-ide.sdt.core - 0 - Project scala2.0 has platform default sourceLevel.
2014-09-04 17:40:10,743  WARN [main] - org.scala-ide.sdt.core - org.scala-ide.sdt.core - org.scala-ide.sdt.core - 0 - Project scala2.0 runs on platform default installation.
2014-09-04 17:40:10,796  WARN [main] - org.scala-ide.sdt.core - org.scala-ide.sdt.core - org.scala-ide.sdt.core - 0 - Project scala2.0 has platform default sourceLevel.
2014-09-04 17:40:10,796  WARN [main] - org.scala-ide.sdt.core - org.scala-ide.sdt.core - org.scala-ide.sdt.core - 0 - Project scala2.0 runs on platform default installation.
2014-09-04 17:40:10,797  WARN [main] - org.scala-ide.sdt.core - org.scala-ide.sdt.core - org.scala-ide.sdt.core - 0 - Preference scala.compiler.sourceLevel was uninitialized, setting default to 2.11.
2014-09-04 17:40:10,797  WARN [main] - org.scala-ide.sdt.core - org.scala-ide.sdt.core - org.scala-ide.sdt.core - 0 - Preference scala.compiler.installation was uninitialized, setting default to 2.11.
2014-09-04 17:55:29,346  WARN [main] - org.scala-ide.sdt.core - org.scala-ide.sdt.core - org.scala-ide.sdt.core - 0 - Project scala2.0 has platform default sourceLevel.
2014-09-04 17:55:29,347  WARN [main] - org.scala-ide.sdt.core - org.scala-ide.sdt.core - org.scala-ide.sdt.core - 0 - Project scala2.0 runs on platform default installation.
2014-09-04 17:55:29,347  WARN [main] - org.scala-ide.sdt.core - org.scala-ide.sdt.core - org.scala-ide.sdt.core - 0 - Project scala2.0 has platform default sourceLevel.
2014-09-04 17:55:29,348  WARN [main] - org.scala-ide.sdt.core - org.scala-ide.sdt.core - org.scala-ide.sdt.core - 0 - Project scala2.0 runs on platform default installation.
2014-09-04 19:27:51,846  WARN [main] - org.scala-ide.sdt.core - org.scala-ide.sdt.core - org.scala-ide.sdt.core - 0 - Project scala2.0 has platform default sourceLevel.
2014-09-04 19:27:51,848  WARN [main] - org.scala-ide.sdt.core - org.scala-ide.sdt.core - org.scala-ide.sdt.core - 0 - Project scala2.0 runs on platform default installation.
2014-09-04 19:27:51,849  WARN [main] - org.scala-ide.sdt.core - org.scala-ide.sdt.core - org.scala-ide.sdt.core - 0 - Project scala2.0 has platform default sourceLevel.
2014-09-04 19:27:51,849  WARN [main] - org.scala-ide.sdt.core - org.scala-ide.sdt.core - org.scala-ide.sdt.core - 0 - Project scala2.0 runs on platform default installation.
2014-09-04 19:27:51,850  WARN [main] - org.scala-ide.sdt.core - org.scala-ide.sdt.core - org.scala-ide.sdt.core - 0 - Preference scala.compiler.sourceLevel was uninitialized, setting default to 2.11.
2014-09-04 19:27:51,850  WARN [main] - org.scala-ide.sdt.core - org.scala-ide.sdt.core - org.scala-ide.sdt.core - 0 - Preference scala.compiler.installation was uninitialized, setting default to 2.11.
2014-09-04 19:34:42,779  WARN [main] - org.scala-ide.sdt.core - org.scala-ide.sdt.core - org.scala-ide.sdt.core - 0 - Project scala2.0 has platform default sourceLevel.
2014-09-04 19:34:42,788  WARN [main] - org.scala-ide.sdt.core - org.scala-ide.sdt.core - org.scala-ide.sdt.core - 0 - Project scala2.0 runs on platform default installation.
2014-09-04 19:34:42,790  WARN [main] - org.scala-ide.sdt.core - org.scala-ide.sdt.core - org.scala-ide.sdt.core - 0 - Project scala2.0 has platform default sourceLevel.
2014-09-04 19:34:42,792  WARN [main] - org.scala-ide.sdt.core - org.scala-ide.sdt.core - org.scala-ide.sdt.core - 0 - Project scala2.0 runs on platform default installation.
2014-09-04 19:34:42,794  WARN [main] - org.scala-ide.sdt.core - org.scala-ide.sdt.core - org.scala-ide.sdt.core - 0 - Preference scala.compiler.sourceLevel was uninitialized, setting default to 2.11.
2014-09-04 19:34:42,794  WARN [main] - org.scala-ide.sdt.core - org.scala-ide.sdt.core - org.scala-ide.sdt.core - 0 - Preference scala.compiler.installation was uninitialized, setting default to 2.11.
2014-09-04 19:35:37,282  WARN [main] - org.scala-ide.sdt.core - org.scala-ide.sdt.core - org.scala-ide.sdt.core - 0 - Project scala2.0 has platform default sourceLevel.
2014-09-04 19:35:37,283  WARN [main] - org.scala-ide.sdt.core - org.scala-ide.sdt.core - org.scala-ide.sdt.core - 0 - Project scala2.0 runs on platform default installation.
2014-09-04 19:35:37,283  WARN [main] - org.scala-ide.sdt.core - org.scala-ide.sdt.core - org.scala-ide.sdt.core - 0 - Project scala2.0 has platform default sourceLevel.
2014-09-04 19:35:37,284  WARN [main] - org.scala-ide.sdt.core - org.scala-ide.sdt.core - org.scala-ide.sdt.core - 0 - Project scala2.0 runs on platform default installation.
2014-09-04 19:39:52,770  WARN [main] - org.scala-ide.sdt.core - org.scala-ide.sdt.core - org.scala-ide.sdt.core - 0 - Project scala2.0 has platform default sourceLevel.
2014-09-04 19:39:52,772  WARN [main] - org.scala-ide.sdt.core - org.scala-ide.sdt.core - org.scala-ide.sdt.core - 0 - Project scala2.0 runs on platform default installation.
2014-09-04 19:39:52,773  WARN [main] - org.scala-ide.sdt.core - org.scala-ide.sdt.core - org.scala-ide.sdt.core - 0 - Project scala2.0 has platform default sourceLevel.
2014-09-04 19:39:52,773  WARN [main] - org.scala-ide.sdt.core - org.scala-ide.sdt.core - org.scala-ide.sdt.core - 0 - Project scala2.0 runs on platform default installation.
2014-09-04 19:39:52,774  WARN [main] - org.scala-ide.sdt.core - org.scala-ide.sdt.core - org.scala-ide.sdt.core - 0 - Preference scala.compiler.sourceLevel was uninitialized, setting default to 2.11.
2014-09-04 19:39:52,774  WARN [main] - org.scala-ide.sdt.core - org.scala-ide.sdt.core - org.scala-ide.sdt.core - 0 - Preference scala.compiler.installation was uninitialized, setting default to 2.11.
2014-09-05 15:24:13,824  WARN [main] - org.scala-ide.sdt.core - org.scala-ide.sdt.core - org.scala-ide.sdt.core - 0 - Project scala2.0 has platform default sourceLevel.
2014-09-05 15:24:13,858  WARN [main] - org.scala-ide.sdt.core - org.scala-ide.sdt.core - org.scala-ide.sdt.core - 0 - Project scala2.0 runs on platform default installation.
2014-09-05 15:24:13,868  WARN [main] - org.scala-ide.sdt.core - org.scala-ide.sdt.core - org.scala-ide.sdt.core - 0 - Project scala2.0 has platform default sourceLevel.
2014-09-05 15:24:13,868  WARN [main] - org.scala-ide.sdt.core - org.scala-ide.sdt.core - org.scala-ide.sdt.core - 0 - Project scala2.0 runs on platform default installation.
2014-09-05 15:24:13,875  WARN [main] - org.scala-ide.sdt.core - org.scala-ide.sdt.core - org.scala-ide.sdt.core - 0 - Preference scala.compiler.sourceLevel was uninitialized, setting default to 2.11.
2014-09-05 15:24:13,876  WARN [main] - org.scala-ide.sdt.core - org.scala-ide.sdt.core - org.scala-ide.sdt.core - 0 - Preference scala.compiler.installation was uninitialized, setting default to 2.11.
2014-09-05 15:28:34,297  WARN [main] - org.scala-ide.sdt.core - org.scala-ide.sdt.core - org.scala-ide.sdt.core - 0 - Project scala2.0 has platform default sourceLevel.
2014-09-05 15:28:34,297  WARN [main] - org.scala-ide.sdt.core - org.scala-ide.sdt.core - org.scala-ide.sdt.core - 0 - Project scala2.0 runs on platform default installation.
2014-09-05 15:28:34,297  WARN [main] - org.scala-ide.sdt.core - org.scala-ide.sdt.core - org.scala-ide.sdt.core - 0 - Project scala2.0 has platform default sourceLevel.
2014-09-05 15:28:34,298  WARN [main] - org.scala-ide.sdt.core - org.scala-ide.sdt.core - org.scala-ide.sdt.core - 0 - Project scala2.0 runs on platform default installation.
2014-09-09 17:56:11,819  WARN [main] - org.scala-ide.sdt.core - org.scala-ide.sdt.core - org.scala-ide.sdt.core - 0 - Project scala2.0 has platform default sourceLevel.
2014-09-09 17:56:11,846  WARN [main] - org.scala-ide.sdt.core - org.scala-ide.sdt.core - org.scala-ide.sdt.core - 0 - Project scala2.0 runs on platform default installation.
2014-09-09 17:56:11,880  WARN [main] - org.scala-ide.sdt.core - org.scala-ide.sdt.core - org.scala-ide.sdt.core - 0 - Project scala2.0 has platform default sourceLevel.
2014-09-09 17:56:11,880  WARN [main] - org.scala-ide.sdt.core - org.scala-ide.sdt.core - org.scala-ide.sdt.core - 0 - Project scala2.0 runs on platform default installation.
2014-09-09 17:56:12,048  WARN [main] - org.scala-ide.sdt.core - org.scala-ide.sdt.core - org.scala-ide.sdt.core - 0 - Preference scala.compiler.sourceLevel was uninitialized, setting default to 2.11.
2014-09-09 17:56:12,049  WARN [main] - org.scala-ide.sdt.core - org.scala-ide.sdt.core - org.scala-ide.sdt.core - 0 - Preference scala.compiler.installation was uninitialized, setting default to 2.11.
2014-09-09 22:04:57,690  WARN [main] - org.scala-ide.sdt.core - org.scala-ide.sdt.core - org.scala-ide.sdt.core - 0 - Project scala2.0 has platform default sourceLevel.
2014-09-09 22:04:57,729  WARN [main] - org.scala-ide.sdt.core - org.scala-ide.sdt.core - org.scala-ide.sdt.core - 0 - Project scala2.0 runs on platform default installation.
2014-09-09 22:04:57,745  WARN [main] - org.scala-ide.sdt.core - org.scala-ide.sdt.core - org.scala-ide.sdt.core - 0 - Project scala2.0 has platform default sourceLevel.
2014-09-09 22:04:57,745  WARN [main] - org.scala-ide.sdt.core - org.scala-ide.sdt.core - org.scala-ide.sdt.core - 0 - Project scala2.0 runs on platform default installation.
2014-09-09 22:04:57,750  WARN [main] - org.scala-ide.sdt.core - org.scala-ide.sdt.core - org.scala-ide.sdt.core - 0 - Preference scala.compiler.sourceLevel was uninitialized, setting default to 2.11.
2014-09-09 22:04:57,751  WARN [main] - org.scala-ide.sdt.core - org.scala-ide.sdt.core - org.scala-ide.sdt.core - 0 - Preference scala.compiler.installation was uninitialized, setting default to 2.11.
2014-09-09 23:26:17,465  WARN [main] - org.scala-ide.sdt.core - org.scala-ide.sdt.core - org.scala-ide.sdt.core - 0 - Project scala2.0 has platform default sourceLevel.
2014-09-09 23:26:17,508  WARN [main] - org.scala-ide.sdt.core - org.scala-ide.sdt.core - org.scala-ide.sdt.core - 0 - Project scala2.0 runs on platform default installation.
2014-09-09 23:26:17,603  WARN [main] - org.scala-ide.sdt.core - org.scala-ide.sdt.core - org.scala-ide.sdt.core - 0 - Project scala2.0 has platform default sourceLevel.
2014-09-09 23:26:17,604  WARN [main] - org.scala-ide.sdt.core - org.scala-ide.sdt.core - org.scala-ide.sdt.core - 0 - Project scala2.0 runs on platform default installation.
2014-09-09 23:26:17,608  WARN [main] - org.scala-ide.sdt.core - org.scala-ide.sdt.core - org.scala-ide.sdt.core - 0 - Preference scala.compiler.sourceLevel was uninitialized, setting default to 2.11.
2014-09-09 23:26:17,612  WARN [main] - org.scala-ide.sdt.core - org.scala-ide.sdt.core - org.scala-ide.sdt.core - 0 - Preference scala.compiler.installation was uninitialized, setting default to 2.11.
2014-09-10 00:09:12,907  WARN [main] - org.scala-ide.sdt.core - org.scala-ide.sdt.core - org.scala-ide.sdt.core - 0 - Project scala2.0 has platform default sourceLevel.
2014-09-10 00:09:12,909  WARN [main] - org.scala-ide.sdt.core - org.scala-ide.sdt.core - org.scala-ide.sdt.core - 0 - Project scala2.0 runs on platform default installation.
2014-09-10 00:09:12,923  WARN [main] - org.scala-ide.sdt.core - org.scala-ide.sdt.core - org.scala-ide.sdt.core - 0 - Project scala2.0 has platform default sourceLevel.
2014-09-10 00:09:12,923  WARN [main] - org.scala-ide.sdt.core - org.scala-ide.sdt.core - org.scala-ide.sdt.core - 0 - Project scala2.0 runs on platform default installation.
2014-09-10 00:09:12,924  WARN [main] - org.scala-ide.sdt.core - org.scala-ide.sdt.core - org.scala-ide.sdt.core - 0 - Preference scala.compiler.sourceLevel was uninitialized, setting default to 2.11.
2014-09-10 00:09:12,924  WARN [main] - org.scala-ide.sdt.core - org.scala-ide.sdt.core - org.scala-ide.sdt.core - 0 - Preference scala.compiler.installation was uninitialized, setting default to 2.11.
2014-09-10 10:24:16,289  WARN [main] - org.scala-ide.sdt.core - org.scala-ide.sdt.core - org.scala-ide.sdt.core - 0 - Project scala2.0 has platform default sourceLevel.
2014-09-10 10:24:16,317  WARN [main] - org.scala-ide.sdt.core - org.scala-ide.sdt.core - org.scala-ide.sdt.core - 0 - Project scala2.0 runs on platform default installation.
2014-09-10 10:24:16,395  WARN [main] - org.scala-ide.sdt.core - org.scala-ide.sdt.core - org.scala-ide.sdt.core - 0 - Project scala2.0 has platform default sourceLevel.
2014-09-10 10:24:16,396  WARN [main] - org.scala-ide.sdt.core - org.scala-ide.sdt.core - org.scala-ide.sdt.core - 0 - Project scala2.0 runs on platform default installation.
2014-09-10 10:24:16,399  WARN [main] - org.scala-ide.sdt.core - org.scala-ide.sdt.core - org.scala-ide.sdt.core - 0 - Preference scala.compiler.sourceLevel was uninitialized, setting default to 2.11.
2014-09-10 10:24:16,400  WARN [main] - org.scala-ide.sdt.core - org.scala-ide.sdt.core - org.scala-ide.sdt.core - 0 - Preference scala.compiler.installation was uninitialized, setting default to 2.11.
2014-09-10 16:11:38,646  WARN [main] - org.scala-ide.sdt.core - org.scala-ide.sdt.core - org.scala-ide.sdt.core - 0 - Project scala2.0 has platform default sourceLevel.
2014-09-10 16:11:38,684  WARN [main] - org.scala-ide.sdt.core - org.scala-ide.sdt.core - org.scala-ide.sdt.core - 0 - Project scala2.0 runs on platform default installation.
2014-09-10 16:11:38,711  WARN [main] - org.scala-ide.sdt.core - org.scala-ide.sdt.core - org.scala-ide.sdt.core - 0 - Project scala2.0 has platform default sourceLevel.
2014-09-10 16:11:38,713  WARN [main] - org.scala-ide.sdt.core - org.scala-ide.sdt.core - org.scala-ide.sdt.core - 0 - Project scala2.0 runs on platform default installation.
2014-09-10 16:11:38,720  WARN [main] - org.scala-ide.sdt.core - org.scala-ide.sdt.core - org.scala-ide.sdt.core - 0 - Preference scala.compiler.sourceLevel was uninitialized, setting default to 2.11.
2014-09-10 16:11:38,720  WARN [main] - org.scala-ide.sdt.core - org.scala-ide.sdt.core - org.scala-ide.sdt.core - 0 - Preference scala.compiler.installation was uninitialized, setting default to 2.11.
2014-09-10 16:39:30,958  WARN [main] - org.scala-ide.sdt.core - org.scala-ide.sdt.core - org.scala-ide.sdt.core - 0 - Project scala2.0 has platform default sourceLevel.
2014-09-10 16:39:30,994  WARN [main] - org.scala-ide.sdt.core - org.scala-ide.sdt.core - org.scala-ide.sdt.core - 0 - Project scala2.0 runs on platform default installation.
2014-09-10 16:39:31,045  WARN [main] - org.scala-ide.sdt.core - org.scala-ide.sdt.core - org.scala-ide.sdt.core - 0 - Project scala2.0 has platform default sourceLevel.
2014-09-10 16:39:31,045  WARN [main] - org.scala-ide.sdt.core - org.scala-ide.sdt.core - org.scala-ide.sdt.core - 0 - Project scala2.0 runs on platform default installation.
2014-09-10 16:39:31,083  WARN [main] - org.scala-ide.sdt.core - org.scala-ide.sdt.core - org.scala-ide.sdt.core - 0 - Preference scala.compiler.sourceLevel was uninitialized, setting default to 2.11.
2014-09-10 16:39:31,084  WARN [main] - org.scala-ide.sdt.core - org.scala-ide.sdt.core - org.scala-ide.sdt.core - 0 - Preference scala.compiler.installation was uninitialized, setting default to 2.11.
